<?xml version="1.0" encoding="UTF-8"?>
<robot generator="Robot 3.2.1 (Python 3.8.3 on win32)" generated="20200722 17:14:44.003" rpa="false">
<suite id="s1" name="Robotframework-Spass-Demo" source="C:\Robot\Git Repo\robotframework-spass-demo">
<suite id="s1-s1" name="Demo" source="C:\Robot\Git Repo\robotframework-spass-demo\Demo.robot">
<test id="s1-s1-t1" name="AppManagement">
<kw name="Open Browser" library="Selenium2Library">
<doc>Opens a new browser instance to the optional ``url``.</doc>
<arguments>
<arg>https://dev-admin.samsungpass.com/#/</arg>
<arg>${browsers}[0]</arg>
</arguments>
<msg timestamp="20200722 17:14:44.582" level="INFO">Opening browser 'Chrome' to base url 'https://dev-admin.samsungpass.com/#/'.</msg>
<status status="PASS" starttime="20200722 17:14:44.581" endtime="20200722 17:14:51.984"></status>
</kw>
<kw name="Maximize Browser Window" library="Selenium2Library">
<doc>Maximizes current browser window.</doc>
<status status="PASS" starttime="20200722 17:14:51.984" endtime="20200722 17:14:53.115"></status>
</kw>
<kw name="Set Browser Implicit Wait" library="Selenium2Library">
<doc>Sets the implicit wait value used by Selenium.</doc>
<arguments>
<arg>10s</arg>
</arguments>
<status status="PASS" starttime="20200722 17:14:53.116" endtime="20200722 17:14:53.117"></status>
</kw>
<kw name="Sleep" library="BuiltIn">
<doc>Pauses the test executed for the given time.</doc>
<arguments>
<arg>2s</arg>
</arguments>
<msg timestamp="20200722 17:14:55.119" level="INFO">Slept 2 seconds</msg>
<status status="PASS" starttime="20200722 17:14:53.118" endtime="20200722 17:14:55.119"></status>
</kw>
<kw name="Wait Until Element Is Visible" library="Selenium2Library">
<doc>Waits until the element ``locator`` is visible.</doc>
<arguments>
<arg>id=lnbAppManagementLink</arg>
</arguments>
<status status="PASS" starttime="20200722 17:14:55.119" endtime="20200722 17:14:55.151"></status>
</kw>
<kw name="Click Element" library="Selenium2Library">
<doc>Click the element identified by ``locator``.</doc>
<arguments>
<arg>id=lnbAppManagementLink</arg>
</arguments>
<msg timestamp="20200722 17:14:55.152" level="INFO">Clicking element 'id=lnbAppManagementLink'.</msg>
<status status="PASS" starttime="20200722 17:14:55.152" endtime="20200722 17:14:55.251"></status>
</kw>
<kw name="Sleep" library="BuiltIn">
<doc>Pauses the test executed for the given time.</doc>
<arguments>
<arg>3s</arg>
</arguments>
<msg timestamp="20200722 17:14:58.254" level="INFO">Slept 3 seconds</msg>
<status status="PASS" starttime="20200722 17:14:55.252" endtime="20200722 17:14:58.254"></status>
</kw>
<kw name="Page Should Contain" library="Selenium2Library">
<doc>Verifies that current page contains ``text``.</doc>
<arguments>
<arg>Version</arg>
</arguments>
<msg timestamp="20200722 17:14:58.278" level="INFO">Current page contains text 'Version'.</msg>
<status status="PASS" starttime="20200722 17:14:58.254" endtime="20200722 17:14:58.278"></status>
</kw>
<kw name="Page Should Contain" library="Selenium2Library">
<doc>Verifies that current page contains ``text``.</doc>
<arguments>
<arg>Activation</arg>
</arguments>
<msg timestamp="20200722 17:14:58.301" level="INFO">Current page contains text 'Activation'.</msg>
<status status="PASS" starttime="20200722 17:14:58.279" endtime="20200722 17:14:58.302"></status>
</kw>
<kw name="Page Should Contain" library="Selenium2Library">
<doc>Verifies that current page contains ``text``.</doc>
<arguments>
<arg>Forced Update</arg>
</arguments>
<msg timestamp="20200722 17:14:58.326" level="INFO">Current page contains text 'Forced Update'.</msg>
<status status="PASS" starttime="20200722 17:14:58.302" endtime="20200722 17:14:58.326"></status>
</kw>
<kw name="Page Should Contain" library="Selenium2Library">
<doc>Verifies that current page contains ``text``.</doc>
<arguments>
<arg>Updated Date</arg>
</arguments>
<msg timestamp="20200722 17:14:58.360" level="INFO">Current page contains text 'Updated Date'.</msg>
<status status="PASS" starttime="20200722 17:14:58.327" endtime="20200722 17:14:58.360"></status>
</kw>
<kw name="Page Should Contain" library="Selenium2Library">
<doc>Verifies that current page contains ``text``.</doc>
<arguments>
<arg>Deleted</arg>
</arguments>
<msg timestamp="20200722 17:14:58.382" level="INFO">Current page contains text 'Deleted'.</msg>
<status status="PASS" starttime="20200722 17:14:58.361" endtime="20200722 17:14:58.382"></status>
</kw>
<kw name="Page Should Contain" library="Selenium2Library">
<doc>Verifies that current page contains ``text``.</doc>
<arguments>
<arg>Status</arg>
</arguments>
<msg timestamp="20200722 17:14:58.401" level="INFO">Current page contains text 'Status'.</msg>
<status status="PASS" starttime="20200722 17:14:58.382" endtime="20200722 17:14:58.401"></status>
</kw>
<kw name="Sleep" library="BuiltIn">
<doc>Pauses the test executed for the given time.</doc>
<arguments>
<arg>2s</arg>
</arguments>
<msg timestamp="20200722 17:15:00.404" level="INFO">Slept 2 seconds</msg>
<status status="PASS" starttime="20200722 17:14:58.402" endtime="20200722 17:15:00.404"></status>
</kw>
<kw name="Wait Until Element Is Visible" library="Selenium2Library">
<doc>Waits until the element ``locator`` is visible.</doc>
<arguments>
<arg>class=css-1n9d5gc</arg>
</arguments>
<status status="PASS" starttime="20200722 17:15:00.405" endtime="20200722 17:15:00.441"></status>
</kw>
<kw name="Input Text" library="Selenium2Library">
<doc>Types the given ``text`` into the text field identified by ``locator``.</doc>
<arguments>
<arg>class=css-1n9d5gc</arg>
<arg>11.11.11.11</arg>
</arguments>
<msg timestamp="20200722 17:15:00.441" level="INFO">Typing text '11.11.11.11' into text field 'class=css-1n9d5gc'.</msg>
<status status="PASS" starttime="20200722 17:15:00.441" endtime="20200722 17:15:00.808"></status>
</kw>
<kw name="Click Element" library="Selenium2Library">
<doc>Click the element identified by ``locator``.</doc>
<arguments>
<arg>class=css-doaywb</arg>
</arguments>
<msg timestamp="20200722 17:15:00.809" level="INFO">Clicking element 'class=css-doaywb'.</msg>
<status status="PASS" starttime="20200722 17:15:00.808" endtime="20200722 17:15:00.891"></status>
</kw>
<kw name="Sleep" library="BuiltIn">
<doc>Pauses the test executed for the given time.</doc>
<arguments>
<arg>3s</arg>
</arguments>
<msg timestamp="20200722 17:15:03.893" level="INFO">Slept 3 seconds</msg>
<status status="PASS" starttime="20200722 17:15:00.892" endtime="20200722 17:15:03.893"></status>
</kw>
<kw name="Capture Page Screenshot" library="Selenium2Library">
<doc>Takes a screenshot of the current page and embeds it into a log file.</doc>
<msg timestamp="20200722 17:15:04.314" level="INFO" html="yes">&lt;/td&gt;&lt;/tr&gt;&lt;tr&gt;&lt;td colspan="3"&gt;&lt;a href="selenium-screenshot-219.png"&gt;&lt;img src="selenium-screenshot-219.png" width="800px"&gt;&lt;/a&gt;</msg>
<status status="PASS" starttime="20200722 17:15:03.893" endtime="20200722 17:15:04.314"></status>
</kw>
<kw name="Sleep" library="BuiltIn">
<doc>Pauses the test executed for the given time.</doc>
<arguments>
<arg>5s</arg>
</arguments>
<msg timestamp="20200722 17:15:09.316" level="INFO">Slept 5 seconds</msg>
<status status="PASS" starttime="20200722 17:15:04.315" endtime="20200722 17:15:09.316"></status>
</kw>
<kw name="Click Element" library="Selenium2Library">
<doc>Click the element identified by ``locator``.</doc>
<arguments>
<arg>class=css-7fddae</arg>
</arguments>
<msg timestamp="20200722 17:15:09.317" level="INFO">Clicking element 'class=css-7fddae'.</msg>
<status status="PASS" starttime="20200722 17:15:09.317" endtime="20200722 17:15:09.435"></status>
</kw>
<kw name="Sleep" library="BuiltIn">
<doc>Pauses the test executed for the given time.</doc>
<arguments>
<arg>2s</arg>
</arguments>
<msg timestamp="20200722 17:15:11.438" level="INFO">Slept 2 seconds</msg>
<status status="PASS" starttime="20200722 17:15:09.435" endtime="20200722 17:15:11.438"></status>
</kw>
<kw name="Page Should Contain" library="Selenium2Library">
<doc>Verifies that current page contains ``text``.</doc>
<arguments>
<arg>Version</arg>
</arguments>
<msg timestamp="20200722 17:15:11.464" level="INFO">Current page contains text 'Version'.</msg>
<status status="PASS" starttime="20200722 17:15:11.439" endtime="20200722 17:15:11.464"></status>
</kw>
<kw name="Page Should Contain" library="Selenium2Library">
<doc>Verifies that current page contains ``text``.</doc>
<arguments>
<arg>Download URL</arg>
</arguments>
<msg timestamp="20200722 17:15:11.511" level="INFO">Current page contains text 'Download URL'.</msg>
<status status="PASS" starttime="20200722 17:15:11.464" endtime="20200722 17:15:11.511"></status>
</kw>
<kw name="Page Should Contain" library="Selenium2Library">
<doc>Verifies that current page contains ``text``.</doc>
<arguments>
<arg>Activation</arg>
</arguments>
<msg timestamp="20200722 17:15:11.542" level="INFO">Current page contains text 'Activation'.</msg>
<status status="PASS" starttime="20200722 17:15:11.511" endtime="20200722 17:15:11.542"></status>
</kw>
<kw name="Page Should Contain" library="Selenium2Library">
<doc>Verifies that current page contains ``text``.</doc>
<arguments>
<arg>Forced Update</arg>
</arguments>
<msg timestamp="20200722 17:15:11.564" level="INFO">Current page contains text 'Forced Update'.</msg>
<status status="PASS" starttime="20200722 17:15:11.542" endtime="20200722 17:15:11.565"></status>
</kw>
<kw name="Page Should Contain" library="Selenium2Library">
<doc>Verifies that current page contains ``text``.</doc>
<arguments>
<arg>Status</arg>
</arguments>
<msg timestamp="20200722 17:15:11.593" level="INFO">Current page contains text 'Status'.</msg>
<status status="PASS" starttime="20200722 17:15:11.565" endtime="20200722 17:15:11.594"></status>
</kw>
<kw name="Sleep" library="BuiltIn">
<doc>Pauses the test executed for the given time.</doc>
<arguments>
<arg>5s</arg>
</arguments>
<msg timestamp="20200722 17:15:16.596" level="INFO">Slept 5 seconds</msg>
<status status="PASS" starttime="20200722 17:15:11.594" endtime="20200722 17:15:16.596"></status>
</kw>
<kw name="Capture Page Screenshot" library="Selenium2Library">
<doc>Takes a screenshot of the current page and embeds it into a log file.</doc>
<msg timestamp="20200722 17:15:16.975" level="INFO" html="yes">&lt;/td&gt;&lt;/tr&gt;&lt;tr&gt;&lt;td colspan="3"&gt;&lt;a href="selenium-screenshot-220.png"&gt;&lt;img src="selenium-screenshot-220.png" width="800px"&gt;&lt;/a&gt;</msg>
<status status="PASS" starttime="20200722 17:15:16.596" endtime="20200722 17:15:16.975"></status>
</kw>
<kw name="Click Element" library="Selenium2Library">
<doc>Click the element identified by ``locator``.</doc>
<arguments>
<arg>id=dialogCancel</arg>
</arguments>
<msg timestamp="20200722 17:15:16.976" level="INFO">Clicking element 'id=dialogCancel'.</msg>
<status status="PASS" starttime="20200722 17:15:16.976" endtime="20200722 17:15:17.045"></status>
</kw>
<kw name="Sleep" library="BuiltIn">
<doc>Pauses the test executed for the given time.</doc>
<arguments>
<arg>2s</arg>
</arguments>
<msg timestamp="20200722 17:15:19.047" level="INFO">Slept 2 seconds</msg>
<status status="PASS" starttime="20200722 17:15:17.046" endtime="20200722 17:15:19.047"></status>
</kw>
<kw name="Click Element" library="Selenium2Library">
<doc>Click the element identified by ``locator``.</doc>
<arguments>
<arg>class=css-1ymwrj5</arg>
</arguments>
<msg timestamp="20200722 17:15:19.048" level="INFO">Clicking element 'class=css-1ymwrj5'.</msg>
<status status="PASS" starttime="20200722 17:15:19.047" endtime="20200722 17:15:19.129"></status>
</kw>
<kw name="Sleep" library="BuiltIn">
<doc>Pauses the test executed for the given time.</doc>
<arguments>
<arg>2s</arg>
</arguments>
<msg timestamp="20200722 17:15:21.131" level="INFO">Slept 2 seconds</msg>
<status status="PASS" starttime="20200722 17:15:19.130" endtime="20200722 17:15:21.132"></status>
</kw>
<kw name="Wait Until Element Is Visible" library="Selenium2Library">
<doc>Waits until the element ``locator`` is visible.</doc>
<arguments>
<arg>class=css-1n9d5gc</arg>
</arguments>
<status status="PASS" starttime="20200722 17:15:21.132" endtime="20200722 17:15:21.155"></status>
</kw>
<kw name="Input Text" library="Selenium2Library">
<doc>Types the given ``text`` into the text field identified by ``locator``.</doc>
<arguments>
<arg>class=css-1n9d5gc</arg>
<arg>00.00.00.99</arg>
</arguments>
<msg timestamp="20200722 17:15:21.156" level="INFO">Typing text '00.00.00.99' into text field 'class=css-1n9d5gc'.</msg>
<status status="PASS" starttime="20200722 17:15:21.155" endtime="20200722 17:15:21.428"></status>
</kw>
<kw name="Click Element" library="Selenium2Library">
<doc>Click the element identified by ``locator``.</doc>
<arguments>
<arg>class=css-doaywb</arg>
</arguments>
<msg timestamp="20200722 17:15:21.429" level="INFO">Clicking element 'class=css-doaywb'.</msg>
<status status="PASS" starttime="20200722 17:15:21.429" endtime="20200722 17:15:21.485"></status>
</kw>
<kw name="Page Should Contain" library="Selenium2Library">
<doc>Verifies that current page contains ``text``.</doc>
<arguments>
<arg>No Results Found</arg>
</arguments>
<msg timestamp="20200722 17:15:21.739" level="INFO">Current page contains text 'No Results Found'.</msg>
<status status="PASS" starttime="20200722 17:15:21.485" endtime="20200722 17:15:21.739"></status>
</kw>
<kw name="Sleep" library="BuiltIn">
<doc>Pauses the test executed for the given time.</doc>
<arguments>
<arg>3s</arg>
</arguments>
<msg timestamp="20200722 17:15:24.741" level="INFO">Slept 3 seconds</msg>
<status status="PASS" starttime="20200722 17:15:21.740" endtime="20200722 17:15:24.741"></status>
</kw>
<kw name="Capture Page Screenshot" library="Selenium2Library">
<doc>Takes a screenshot of the current page and embeds it into a log file.</doc>
<msg timestamp="20200722 17:15:25.124" level="INFO" html="yes">&lt;/td&gt;&lt;/tr&gt;&lt;tr&gt;&lt;td colspan="3"&gt;&lt;a href="selenium-screenshot-221.png"&gt;&lt;img src="selenium-screenshot-221.png" width="800px"&gt;&lt;/a&gt;</msg>
<status status="PASS" starttime="20200722 17:15:24.742" endtime="20200722 17:15:25.124"></status>
</kw>
<kw name="Click Element" library="Selenium2Library">
<doc>Click the element identified by ``locator``.</doc>
<arguments>
<arg>class=css-1ymwrj5</arg>
</arguments>
<msg timestamp="20200722 17:15:25.125" level="INFO">Clicking element 'class=css-1ymwrj5'.</msg>
<status status="PASS" starttime="20200722 17:15:25.124" endtime="20200722 17:15:25.174"></status>
</kw>
<kw name="Sleep" library="BuiltIn">
<doc>Pauses the test executed for the given time.</doc>
<arguments>
<arg>5s</arg>
</arguments>
<msg timestamp="20200722 17:15:30.176" level="INFO">Slept 5 seconds</msg>
<status status="PASS" starttime="20200722 17:15:25.174" endtime="20200722 17:15:30.176"></status>
</kw>
<kw name="Click Element" library="Selenium2Library">
<doc>Click the element identified by ``locator``.</doc>
<arguments>
<arg>(//*[text()='Activation'])[1]</arg>
</arguments>
<msg timestamp="20200722 17:15:30.178" level="INFO">Clicking element '(//*[text()='Activation'])[1]'.</msg>
<status status="PASS" starttime="20200722 17:15:30.177" endtime="20200722 17:15:30.256"></status>
</kw>
<kw name="Sleep" library="BuiltIn">
<doc>Pauses the test executed for the given time.</doc>
<arguments>
<arg>1s</arg>
</arguments>
<msg timestamp="20200722 17:15:31.259" level="INFO">Slept 1 second</msg>
<status status="PASS" starttime="20200722 17:15:30.256" endtime="20200722 17:15:31.259"></status>
</kw>
<kw name="Click Element" library="Selenium2Library">
<doc>Click the element identified by ``locator``.</doc>
<arguments>
<arg>//*[@id="undefined_0"]</arg>
</arguments>
<msg timestamp="20200722 17:15:31.260" level="INFO">Clicking element '//*[@id="undefined_0"]'.</msg>
<status status="PASS" starttime="20200722 17:15:31.260" endtime="20200722 17:15:31.357"></status>
</kw>
<kw name="Sleep" library="BuiltIn">
<doc>Pauses the test executed for the given time.</doc>
<arguments>
<arg>2s</arg>
</arguments>
<msg timestamp="20200722 17:15:33.359" level="INFO">Slept 2 seconds</msg>
<status status="PASS" starttime="20200722 17:15:31.357" endtime="20200722 17:15:33.360"></status>
</kw>
<kw name="Click Element" library="Selenium2Library">
<doc>Click the element identified by ``locator``.</doc>
<arguments>
<arg>class=css-doaywb</arg>
</arguments>
<msg timestamp="20200722 17:15:33.361" level="INFO">Clicking element 'class=css-doaywb'.</msg>
<status status="PASS" starttime="20200722 17:15:33.360" endtime="20200722 17:15:33.426"></status>
</kw>
<kw name="Capture Page Screenshot" library="Selenium2Library">
<doc>Takes a screenshot of the current page and embeds it into a log file.</doc>
<msg timestamp="20200722 17:15:33.819" level="INFO" html="yes">&lt;/td&gt;&lt;/tr&gt;&lt;tr&gt;&lt;td colspan="3"&gt;&lt;a href="selenium-screenshot-222.png"&gt;&lt;img src="selenium-screenshot-222.png" width="800px"&gt;&lt;/a&gt;</msg>
<status status="PASS" starttime="20200722 17:15:33.427" endtime="20200722 17:15:33.819"></status>
</kw>
<kw name="Sleep" library="BuiltIn">
<doc>Pauses the test executed for the given time.</doc>
<arguments>
<arg>2s</arg>
</arguments>
<msg timestamp="20200722 17:15:35.821" level="INFO">Slept 2 seconds</msg>
<status status="PASS" starttime="20200722 17:15:33.820" endtime="20200722 17:15:35.821"></status>
</kw>
<kw name="Click Element" library="Selenium2Library">
<doc>Click the element identified by ``locator``.</doc>
<arguments>
<arg>class=rc-pagination-next</arg>
</arguments>
<msg timestamp="20200722 17:15:35.822" level="INFO">Clicking element 'class=rc-pagination-next'.</msg>
<status status="PASS" starttime="20200722 17:15:35.821" endtime="20200722 17:15:35.933"></status>
</kw>
<kw name="Sleep" library="BuiltIn">
<doc>Pauses the test executed for the given time.</doc>
<arguments>
<arg>2s</arg>
</arguments>
<msg timestamp="20200722 17:15:37.935" level="INFO">Slept 2 seconds</msg>
<status status="PASS" starttime="20200722 17:15:35.933" endtime="20200722 17:15:37.935"></status>
</kw>
<kw name="Click Element" library="Selenium2Library">
<doc>Click the element identified by ``locator``.</doc>
<arguments>
<arg>class=rc-pagination-next</arg>
</arguments>
<msg timestamp="20200722 17:15:37.936" level="INFO">Clicking element 'class=rc-pagination-next'.</msg>
<status status="PASS" starttime="20200722 17:15:37.936" endtime="20200722 17:15:38.002"></status>
</kw>
<kw name="Sleep" library="BuiltIn">
<doc>Pauses the test executed for the given time.</doc>
<arguments>
<arg>2s</arg>
</arguments>
<msg timestamp="20200722 17:15:40.004" level="INFO">Slept 2 seconds</msg>
<status status="PASS" starttime="20200722 17:15:38.002" endtime="20200722 17:15:40.004"></status>
</kw>
<kw name="Click Element" library="Selenium2Library">
<doc>Click the element identified by ``locator``.</doc>
<arguments>
<arg>class=rc-pagination-next</arg>
</arguments>
<msg timestamp="20200722 17:15:40.005" level="INFO">Clicking element 'class=rc-pagination-next'.</msg>
<status status="PASS" starttime="20200722 17:15:40.004" endtime="20200722 17:15:40.090"></status>
</kw>
<kw name="Sleep" library="BuiltIn">
<doc>Pauses the test executed for the given time.</doc>
<arguments>
<arg>2s</arg>
</arguments>
<msg timestamp="20200722 17:15:42.092" level="INFO">Slept 2 seconds</msg>
<status status="PASS" starttime="20200722 17:15:40.090" endtime="20200722 17:15:42.092"></status>
</kw>
<kw name="Click Element" library="Selenium2Library">
<doc>Click the element identified by ``locator``.</doc>
<arguments>
<arg>class=rc-pagination-next</arg>
</arguments>
<msg timestamp="20200722 17:15:42.093" level="INFO">Clicking element 'class=rc-pagination-next'.</msg>
<status status="PASS" starttime="20200722 17:15:42.093" endtime="20200722 17:15:42.166"></status>
</kw>
<kw name="Sleep" library="BuiltIn">
<doc>Pauses the test executed for the given time.</doc>
<arguments>
<arg>2s</arg>
</arguments>
<msg timestamp="20200722 17:15:44.168" level="INFO">Slept 2 seconds</msg>
<status status="PASS" starttime="20200722 17:15:42.167" endtime="20200722 17:15:44.168"></status>
</kw>
<kw name="Click Element" library="Selenium2Library">
<doc>Click the element identified by ``locator``.</doc>
<arguments>
<arg>class=rc-pagination-next</arg>
</arguments>
<msg timestamp="20200722 17:15:44.170" level="INFO">Clicking element 'class=rc-pagination-next'.</msg>
<status status="PASS" starttime="20200722 17:15:44.169" endtime="20200722 17:15:44.237"></status>
</kw>
<kw name="Sleep" library="BuiltIn">
<doc>Pauses the test executed for the given time.</doc>
<arguments>
<arg>2s</arg>
</arguments>
<msg timestamp="20200722 17:15:46.239" level="INFO">Slept 2 seconds</msg>
<status status="PASS" starttime="20200722 17:15:44.237" endtime="20200722 17:15:46.239"></status>
</kw>
<kw name="Click Element" library="Selenium2Library">
<doc>Click the element identified by ``locator``.</doc>
<arguments>
<arg>class=rc-pagination-next</arg>
</arguments>
<msg timestamp="20200722 17:15:46.240" level="INFO">Clicking element 'class=rc-pagination-next'.</msg>
<status status="PASS" starttime="20200722 17:15:46.240" endtime="20200722 17:15:46.304"></status>
</kw>
<kw name="Sleep" library="BuiltIn">
<doc>Pauses the test executed for the given time.</doc>
<arguments>
<arg>2s</arg>
</arguments>
<msg timestamp="20200722 17:15:48.306" level="INFO">Slept 2 seconds</msg>
<status status="PASS" starttime="20200722 17:15:46.305" endtime="20200722 17:15:48.306"></status>
</kw>
<kw name="Click Element" library="Selenium2Library">
<doc>Click the element identified by ``locator``.</doc>
<arguments>
<arg>class=css-1ymwrj5</arg>
</arguments>
<msg timestamp="20200722 17:15:48.307" level="INFO">Clicking element 'class=css-1ymwrj5'.</msg>
<status status="PASS" starttime="20200722 17:15:48.307" endtime="20200722 17:15:48.402"></status>
</kw>
<kw name="Sleep" library="BuiltIn">
<doc>Pauses the test executed for the given time.</doc>
<arguments>
<arg>2s</arg>
</arguments>
<msg timestamp="20200722 17:15:50.404" level="INFO">Slept 2 seconds</msg>
<status status="PASS" starttime="20200722 17:15:48.402" endtime="20200722 17:15:50.404"></status>
</kw>
<kw name="Click Element" library="Selenium2Library">
<doc>Click the element identified by ``locator``.</doc>
<arguments>
<arg>(//*[text()='Activation'])[1]</arg>
</arguments>
<msg timestamp="20200722 17:15:50.404" level="INFO">Clicking element '(//*[text()='Activation'])[1]'.</msg>
<status status="PASS" starttime="20200722 17:15:50.404" endtime="20200722 17:15:50.464"></status>
</kw>
<kw name="Sleep" library="BuiltIn">
<doc>Pauses the test executed for the given time.</doc>
<arguments>
<arg>1s</arg>
</arguments>
<msg timestamp="20200722 17:15:51.467" level="INFO">Slept 1 second</msg>
<status status="PASS" starttime="20200722 17:15:50.465" endtime="20200722 17:15:51.467"></status>
</kw>
<kw name="Click Element" library="Selenium2Library">
<doc>Click the element identified by ``locator``.</doc>
<arguments>
<arg>//*[@id="undefined_1"]</arg>
</arguments>
<msg timestamp="20200722 17:15:51.467" level="INFO">Clicking element '//*[@id="undefined_1"]'.</msg>
<status status="PASS" starttime="20200722 17:15:51.467" endtime="20200722 17:15:51.541"></status>
</kw>
<kw name="Sleep" library="BuiltIn">
<doc>Pauses the test executed for the given time.</doc>
<arguments>
<arg>2s</arg>
</arguments>
<msg timestamp="20200722 17:15:53.543" level="INFO">Slept 2 seconds</msg>
<status status="PASS" starttime="20200722 17:15:51.542" endtime="20200722 17:15:53.543"></status>
</kw>
<kw name="Click Element" library="Selenium2Library">
<doc>Click the element identified by ``locator``.</doc>
<arguments>
<arg>class=css-doaywb</arg>
</arguments>
<msg timestamp="20200722 17:15:53.544" level="INFO">Clicking element 'class=css-doaywb'.</msg>
<status status="PASS" starttime="20200722 17:15:53.543" endtime="20200722 17:15:53.599"></status>
</kw>
<kw name="Capture Page Screenshot" library="Selenium2Library">
<doc>Takes a screenshot of the current page and embeds it into a log file.</doc>
<msg timestamp="20200722 17:15:54.003" level="INFO" html="yes">&lt;/td&gt;&lt;/tr&gt;&lt;tr&gt;&lt;td colspan="3"&gt;&lt;a href="selenium-screenshot-223.png"&gt;&lt;img src="selenium-screenshot-223.png" width="800px"&gt;&lt;/a&gt;</msg>
<status status="PASS" starttime="20200722 17:15:53.599" endtime="20200722 17:15:54.003"></status>
</kw>
<kw name="Sleep" library="BuiltIn">
<doc>Pauses the test executed for the given time.</doc>
<arguments>
<arg>2s</arg>
</arguments>
<msg timestamp="20200722 17:15:56.005" level="INFO">Slept 2 seconds</msg>
<status status="PASS" starttime="20200722 17:15:54.004" endtime="20200722 17:15:56.005"></status>
</kw>
<kw name="Click Element" library="Selenium2Library">
<doc>Click the element identified by ``locator``.</doc>
<arguments>
<arg>class=rc-pagination-next</arg>
</arguments>
<msg timestamp="20200722 17:15:56.006" level="INFO">Clicking element 'class=rc-pagination-next'.</msg>
<status status="PASS" starttime="20200722 17:15:56.006" endtime="20200722 17:15:56.100"></status>
</kw>
<kw name="Sleep" library="BuiltIn">
<doc>Pauses the test executed for the given time.</doc>
<arguments>
<arg>2s</arg>
</arguments>
<msg timestamp="20200722 17:15:58.102" level="INFO">Slept 2 seconds</msg>
<status status="PASS" starttime="20200722 17:15:56.101" endtime="20200722 17:15:58.102"></status>
</kw>
<kw name="Click Element" library="Selenium2Library">
<doc>Click the element identified by ``locator``.</doc>
<arguments>
<arg>class=rc-pagination-next</arg>
</arguments>
<msg timestamp="20200722 17:15:58.103" level="INFO">Clicking element 'class=rc-pagination-next'.</msg>
<status status="PASS" starttime="20200722 17:15:58.103" endtime="20200722 17:15:58.170"></status>
</kw>
<kw name="Sleep" library="BuiltIn">
<doc>Pauses the test executed for the given time.</doc>
<arguments>
<arg>2s</arg>
</arguments>
<msg timestamp="20200722 17:16:00.173" level="INFO">Slept 2 seconds</msg>
<status status="PASS" starttime="20200722 17:15:58.171" endtime="20200722 17:16:00.173"></status>
</kw>
<kw name="Click Element" library="Selenium2Library">
<doc>Click the element identified by ``locator``.</doc>
<arguments>
<arg>class=rc-pagination-next</arg>
</arguments>
<msg timestamp="20200722 17:16:00.173" level="INFO">Clicking element 'class=rc-pagination-next'.</msg>
<status status="PASS" starttime="20200722 17:16:00.173" endtime="20200722 17:16:00.238"></status>
</kw>
<kw name="Sleep" library="BuiltIn">
<doc>Pauses the test executed for the given time.</doc>
<arguments>
<arg>2s</arg>
</arguments>
<msg timestamp="20200722 17:16:02.241" level="INFO">Slept 2 seconds</msg>
<status status="PASS" starttime="20200722 17:16:00.239" endtime="20200722 17:16:02.241"></status>
</kw>
<kw name="Click Element" library="Selenium2Library">
<doc>Click the element identified by ``locator``.</doc>
<arguments>
<arg>class=rc-pagination-next</arg>
</arguments>
<msg timestamp="20200722 17:16:02.241" level="INFO">Clicking element 'class=rc-pagination-next'.</msg>
<status status="PASS" starttime="20200722 17:16:02.241" endtime="20200722 17:16:02.310"></status>
</kw>
<kw name="Sleep" library="BuiltIn">
<doc>Pauses the test executed for the given time.</doc>
<arguments>
<arg>2s</arg>
</arguments>
<msg timestamp="20200722 17:16:04.313" level="INFO">Slept 2 seconds</msg>
<status status="PASS" starttime="20200722 17:16:02.310" endtime="20200722 17:16:04.313"></status>
</kw>
<kw name="Click Element" library="Selenium2Library">
<doc>Click the element identified by ``locator``.</doc>
<arguments>
<arg>class=rc-pagination-next</arg>
</arguments>
<msg timestamp="20200722 17:16:04.314" level="INFO">Clicking element 'class=rc-pagination-next'.</msg>
<status status="PASS" starttime="20200722 17:16:04.313" endtime="20200722 17:16:04.371"></status>
</kw>
<kw name="Sleep" library="BuiltIn">
<doc>Pauses the test executed for the given time.</doc>
<arguments>
<arg>2s</arg>
</arguments>
<msg timestamp="20200722 17:16:06.374" level="INFO">Slept 2 seconds</msg>
<status status="PASS" starttime="20200722 17:16:04.372" endtime="20200722 17:16:06.374"></status>
</kw>
<kw name="Click Element" library="Selenium2Library">
<doc>Click the element identified by ``locator``.</doc>
<arguments>
<arg>class=css-1ymwrj5</arg>
</arguments>
<msg timestamp="20200722 17:16:06.375" level="INFO">Clicking element 'class=css-1ymwrj5'.</msg>
<status status="PASS" starttime="20200722 17:16:06.374" endtime="20200722 17:16:06.446"></status>
</kw>
<kw name="Sleep" library="BuiltIn">
<doc>Pauses the test executed for the given time.</doc>
<arguments>
<arg>2s</arg>
</arguments>
<msg timestamp="20200722 17:16:08.448" level="INFO">Slept 2 seconds</msg>
<status status="PASS" starttime="20200722 17:16:06.447" endtime="20200722 17:16:08.448"></status>
</kw>
<kw name="Click Element" library="Selenium2Library">
<doc>Click the element identified by ``locator``.</doc>
<arguments>
<arg>(//*[text()='Activation'])[1]</arg>
</arguments>
<msg timestamp="20200722 17:16:08.449" level="INFO">Clicking element '(//*[text()='Activation'])[1]'.</msg>
<status status="PASS" starttime="20200722 17:16:08.449" endtime="20200722 17:16:08.508"></status>
</kw>
<kw name="Sleep" library="BuiltIn">
<doc>Pauses the test executed for the given time.</doc>
<arguments>
<arg>1s</arg>
</arguments>
<msg timestamp="20200722 17:16:09.511" level="INFO">Slept 1 second</msg>
<status status="PASS" starttime="20200722 17:16:08.508" endtime="20200722 17:16:09.511"></status>
</kw>
<kw name="Click Element" library="Selenium2Library">
<doc>Click the element identified by ``locator``.</doc>
<arguments>
<arg>//*[@id="undefined_2"]</arg>
</arguments>
<msg timestamp="20200722 17:16:09.511" level="INFO">Clicking element '//*[@id="undefined_2"]'.</msg>
<status status="PASS" starttime="20200722 17:16:09.511" endtime="20200722 17:16:09.595"></status>
</kw>
<kw name="Sleep" library="BuiltIn">
<doc>Pauses the test executed for the given time.</doc>
<arguments>
<arg>2s</arg>
</arguments>
<msg timestamp="20200722 17:16:11.598" level="INFO">Slept 2 seconds</msg>
<status status="PASS" starttime="20200722 17:16:09.595" endtime="20200722 17:16:11.598"></status>
</kw>
<kw name="Click Element" library="Selenium2Library">
<doc>Click the element identified by ``locator``.</doc>
<arguments>
<arg>class=css-doaywb</arg>
</arguments>
<msg timestamp="20200722 17:16:11.598" level="INFO">Clicking element 'class=css-doaywb'.</msg>
<status status="PASS" starttime="20200722 17:16:11.598" endtime="20200722 17:16:11.649"></status>
</kw>
<kw name="Capture Page Screenshot" library="Selenium2Library">
<doc>Takes a screenshot of the current page and embeds it into a log file.</doc>
<msg timestamp="20200722 17:16:12.036" level="INFO" html="yes">&lt;/td&gt;&lt;/tr&gt;&lt;tr&gt;&lt;td colspan="3"&gt;&lt;a href="selenium-screenshot-224.png"&gt;&lt;img src="selenium-screenshot-224.png" width="800px"&gt;&lt;/a&gt;</msg>
<status status="PASS" starttime="20200722 17:16:11.649" endtime="20200722 17:16:12.036"></status>
</kw>
<kw name="Sleep" library="BuiltIn">
<doc>Pauses the test executed for the given time.</doc>
<arguments>
<arg>2s</arg>
</arguments>
<msg timestamp="20200722 17:16:14.038" level="INFO">Slept 2 seconds</msg>
<status status="PASS" starttime="20200722 17:16:12.037" endtime="20200722 17:16:14.038"></status>
</kw>
<kw name="Click Element" library="Selenium2Library">
<doc>Click the element identified by ``locator``.</doc>
<arguments>
<arg>class=rc-pagination-next</arg>
</arguments>
<msg timestamp="20200722 17:16:14.039" level="INFO">Clicking element 'class=rc-pagination-next'.</msg>
<status status="PASS" starttime="20200722 17:16:14.039" endtime="20200722 17:16:14.127"></status>
</kw>
<kw name="Sleep" library="BuiltIn">
<doc>Pauses the test executed for the given time.</doc>
<arguments>
<arg>2s</arg>
</arguments>
<msg timestamp="20200722 17:16:16.129" level="INFO">Slept 2 seconds</msg>
<status status="PASS" starttime="20200722 17:16:14.128" endtime="20200722 17:16:16.129"></status>
</kw>
<kw name="Click Element" library="Selenium2Library">
<doc>Click the element identified by ``locator``.</doc>
<arguments>
<arg>class=css-1ymwrj5</arg>
</arguments>
<msg timestamp="20200722 17:16:16.130" level="INFO">Clicking element 'class=css-1ymwrj5'.</msg>
<status status="PASS" starttime="20200722 17:16:16.129" endtime="20200722 17:16:16.200"></status>
</kw>
<kw name="Sleep" library="BuiltIn">
<doc>Pauses the test executed for the given time.</doc>
<arguments>
<arg>2s</arg>
</arguments>
<msg timestamp="20200722 17:16:18.203" level="INFO">Slept 2 seconds</msg>
<status status="PASS" starttime="20200722 17:16:16.201" endtime="20200722 17:16:18.203"></status>
</kw>
<kw name="Click Element" library="Selenium2Library">
<doc>Click the element identified by ``locator``.</doc>
<arguments>
<arg>(//*[text()='Forced Update'])[1]</arg>
</arguments>
<msg timestamp="20200722 17:16:18.204" level="INFO">Clicking element '(//*[text()='Forced Update'])[1]'.</msg>
<status status="PASS" starttime="20200722 17:16:18.203" endtime="20200722 17:16:18.266"></status>
</kw>
<kw name="Capture Page Screenshot" library="Selenium2Library">
<doc>Takes a screenshot of the current page and embeds it into a log file.</doc>
<msg timestamp="20200722 17:16:18.648" level="INFO" html="yes">&lt;/td&gt;&lt;/tr&gt;&lt;tr&gt;&lt;td colspan="3"&gt;&lt;a href="selenium-screenshot-225.png"&gt;&lt;img src="selenium-screenshot-225.png" width="800px"&gt;&lt;/a&gt;</msg>
<status status="PASS" starttime="20200722 17:16:18.266" endtime="20200722 17:16:18.648"></status>
</kw>
<kw name="Sleep" library="BuiltIn">
<doc>Pauses the test executed for the given time.</doc>
<arguments>
<arg>2s</arg>
</arguments>
<msg timestamp="20200722 17:16:20.651" level="INFO">Slept 2 seconds</msg>
<status status="PASS" starttime="20200722 17:16:18.649" endtime="20200722 17:16:20.651"></status>
</kw>
<kw name="Click Element" library="Selenium2Library">
<doc>Click the element identified by ``locator``.</doc>
<arguments>
<arg>class=css-1ymwrj5</arg>
</arguments>
<msg timestamp="20200722 17:16:20.652" level="INFO">Clicking element 'class=css-1ymwrj5'.</msg>
<status status="PASS" starttime="20200722 17:16:20.652" endtime="20200722 17:16:20.715"></status>
</kw>
<kw name="Sleep" library="BuiltIn">
<doc>Pauses the test executed for the given time.</doc>
<arguments>
<arg>2s</arg>
</arguments>
<msg timestamp="20200722 17:16:22.717" level="INFO">Slept 2 seconds</msg>
<status status="PASS" starttime="20200722 17:16:20.715" endtime="20200722 17:16:22.717"></status>
</kw>
<kw name="Click Element" library="Selenium2Library">
<doc>Click the element identified by ``locator``.</doc>
<arguments>
<arg>(//*[text()='Status'])[1]</arg>
</arguments>
<msg timestamp="20200722 17:16:22.718" level="INFO">Clicking element '(//*[text()='Status'])[1]'.</msg>
<status status="PASS" starttime="20200722 17:16:22.717" endtime="20200722 17:16:22.784"></status>
</kw>
<kw name="Capture Page Screenshot" library="Selenium2Library">
<doc>Takes a screenshot of the current page and embeds it into a log file.</doc>
<msg timestamp="20200722 17:16:23.185" level="INFO" html="yes">&lt;/td&gt;&lt;/tr&gt;&lt;tr&gt;&lt;td colspan="3"&gt;&lt;a href="selenium-screenshot-226.png"&gt;&lt;img src="selenium-screenshot-226.png" width="800px"&gt;&lt;/a&gt;</msg>
<status status="PASS" starttime="20200722 17:16:22.785" endtime="20200722 17:16:23.186"></status>
</kw>
<kw name="Sleep" library="BuiltIn">
<doc>Pauses the test executed for the given time.</doc>
<arguments>
<arg>2s</arg>
</arguments>
<msg timestamp="20200722 17:16:25.189" level="INFO">Slept 2 seconds</msg>
<status status="PASS" starttime="20200722 17:16:23.186" endtime="20200722 17:16:25.189"></status>
</kw>
<kw name="Click Element" library="Selenium2Library">
<doc>Click the element identified by ``locator``.</doc>
<arguments>
<arg>class=css-1ymwrj5</arg>
</arguments>
<msg timestamp="20200722 17:16:25.190" level="INFO">Clicking element 'class=css-1ymwrj5'.</msg>
<status status="PASS" starttime="20200722 17:16:25.189" endtime="20200722 17:16:25.244"></status>
</kw>
<kw name="Sleep" library="BuiltIn">
<doc>Pauses the test executed for the given time.</doc>
<arguments>
<arg>2s</arg>
</arguments>
<msg timestamp="20200722 17:16:27.246" level="INFO">Slept 2 seconds</msg>
<status status="PASS" starttime="20200722 17:16:25.244" endtime="20200722 17:16:27.246"></status>
</kw>
<kw name="Click Element" library="Selenium2Library">
<doc>Click the element identified by ``locator``.</doc>
<arguments>
<arg>(//*[text()='Deleted'])[1]</arg>
</arguments>
<msg timestamp="20200722 17:16:27.247" level="INFO">Clicking element '(//*[text()='Deleted'])[1]'.</msg>
<status status="PASS" starttime="20200722 17:16:27.247" endtime="20200722 17:16:27.323"></status>
</kw>
<kw name="Capture Page Screenshot" library="Selenium2Library">
<doc>Takes a screenshot of the current page and embeds it into a log file.</doc>
<msg timestamp="20200722 17:16:27.724" level="INFO" html="yes">&lt;/td&gt;&lt;/tr&gt;&lt;tr&gt;&lt;td colspan="3"&gt;&lt;a href="selenium-screenshot-227.png"&gt;&lt;img src="selenium-screenshot-227.png" width="800px"&gt;&lt;/a&gt;</msg>
<status status="PASS" starttime="20200722 17:16:27.323" endtime="20200722 17:16:27.724"></status>
</kw>
<kw name="Sleep" library="BuiltIn">
<doc>Pauses the test executed for the given time.</doc>
<arguments>
<arg>2s</arg>
</arguments>
<msg timestamp="20200722 17:16:29.727" level="INFO">Slept 2 seconds</msg>
<status status="PASS" starttime="20200722 17:16:27.725" endtime="20200722 17:16:29.727"></status>
</kw>
<kw name="Click Element" library="Selenium2Library">
<doc>Click the element identified by ``locator``.</doc>
<arguments>
<arg>class=css-1ymwrj5</arg>
</arguments>
<msg timestamp="20200722 17:16:29.728" level="INFO">Clicking element 'class=css-1ymwrj5'.</msg>
<status status="PASS" starttime="20200722 17:16:29.728" endtime="20200722 17:16:29.796"></status>
</kw>
<kw name="Sleep" library="BuiltIn">
<doc>Pauses the test executed for the given time.</doc>
<arguments>
<arg>5s</arg>
</arguments>
<msg timestamp="20200722 17:16:34.798" level="INFO">Slept 5 seconds</msg>
<status status="PASS" starttime="20200722 17:16:29.796" endtime="20200722 17:16:34.798"></status>
</kw>
<kw name="Click Element" library="Selenium2Library">
<doc>Click the element identified by ``locator``.</doc>
<arguments>
<arg>(//*[text()='From'])[1]</arg>
</arguments>
<msg timestamp="20200722 17:16:34.800" level="INFO">Clicking element '(//*[text()='From'])[1]'.</msg>
<status status="PASS" starttime="20200722 17:16:34.799" endtime="20200722 17:16:34.974"></status>
</kw>
<kw name="Sleep" library="BuiltIn">
<doc>Pauses the test executed for the given time.</doc>
<arguments>
<arg>2s</arg>
</arguments>
<msg timestamp="20200722 17:16:36.977" level="INFO">Slept 2 seconds</msg>
<status status="PASS" starttime="20200722 17:16:34.974" endtime="20200722 17:16:36.977"></status>
</kw>
<kw name="Click Element" library="Selenium2Library">
<doc>Click the element identified by ``locator``.</doc>
<arguments>
<arg>//*[@id="spassAppsFilterForm"]/div/div[2]/div[3]/div[2]/div/div/div[2]/div[2]/div[1]/div[4]</arg>
</arguments>
<msg timestamp="20200722 17:16:36.978" level="INFO">Clicking element '//*[@id="spassAppsFilterForm"]/div/div[2]/div[3]/div[2]/div/div/div[2]/div[2]/div[1]/div[4]'.</msg>
<status status="PASS" starttime="20200722 17:16:36.978" endtime="20200722 17:16:37.097"></status>
</kw>
<kw name="Sleep" library="BuiltIn">
<doc>Pauses the test executed for the given time.</doc>
<arguments>
<arg>1s</arg>
</arguments>
<msg timestamp="20200722 17:16:38.100" level="INFO">Slept 1 second</msg>
<status status="PASS" starttime="20200722 17:16:37.097" endtime="20200722 17:16:38.100"></status>
</kw>
<kw name="Click Element" library="Selenium2Library">
<doc>Click the element identified by ``locator``.</doc>
<arguments>
<arg>(//*[text()='To'])[1]</arg>
</arguments>
<msg timestamp="20200722 17:16:38.101" level="INFO">Clicking element '(//*[text()='To'])[1]'.</msg>
<status status="PASS" starttime="20200722 17:16:38.101" endtime="20200722 17:16:38.201"></status>
</kw>
<kw name="Sleep" library="BuiltIn">
<doc>Pauses the test executed for the given time.</doc>
<arguments>
<arg>2s</arg>
</arguments>
<msg timestamp="20200722 17:16:40.203" level="INFO">Slept 2 seconds</msg>
<status status="PASS" starttime="20200722 17:16:38.202" endtime="20200722 17:16:40.203"></status>
</kw>
<kw name="Click Element" library="Selenium2Library">
<doc>Click the element identified by ``locator``.</doc>
<arguments>
<arg>//*[@id="spassAppsFilterForm"]/div/div[2]/div[4]/div[2]/div/div/div[2]/div[2]/div[4]/div[4]</arg>
</arguments>
<msg timestamp="20200722 17:16:40.204" level="INFO">Clicking element '//*[@id="spassAppsFilterForm"]/div/div[2]/div[4]/div[2]/div/div/div[2]/div[2]/div[4]/div[4]'.</msg>
<status status="PASS" starttime="20200722 17:16:40.203" endtime="20200722 17:16:40.294"></status>
</kw>
<kw name="Sleep" library="BuiltIn">
<doc>Pauses the test executed for the given time.</doc>
<arguments>
<arg>2s</arg>
</arguments>
<msg timestamp="20200722 17:16:42.298" level="INFO">Slept 2 seconds</msg>
<status status="PASS" starttime="20200722 17:16:40.295" endtime="20200722 17:16:42.298"></status>
</kw>
<kw name="Click Element" library="Selenium2Library">
<doc>Click the element identified by ``locator``.</doc>
<arguments>
<arg>class=css-doaywb</arg>
</arguments>
<msg timestamp="20200722 17:16:42.299" level="INFO">Clicking element 'class=css-doaywb'.</msg>
<status status="PASS" starttime="20200722 17:16:42.298" endtime="20200722 17:16:42.354"></status>
</kw>
<kw name="Capture Page Screenshot" library="Selenium2Library">
<doc>Takes a screenshot of the current page and embeds it into a log file.</doc>
<msg timestamp="20200722 17:16:42.780" level="INFO" html="yes">&lt;/td&gt;&lt;/tr&gt;&lt;tr&gt;&lt;td colspan="3"&gt;&lt;a href="selenium-screenshot-228.png"&gt;&lt;img src="selenium-screenshot-228.png" width="800px"&gt;&lt;/a&gt;</msg>
<status status="PASS" starttime="20200722 17:16:42.355" endtime="20200722 17:16:42.780"></status>
</kw>
<kw name="Sleep" library="BuiltIn">
<doc>Pauses the test executed for the given time.</doc>
<arguments>
<arg>2s</arg>
</arguments>
<msg timestamp="20200722 17:16:44.783" level="INFO">Slept 2 seconds</msg>
<status status="PASS" starttime="20200722 17:16:42.780" endtime="20200722 17:16:44.783"></status>
</kw>
<kw name="Click Element" library="Selenium2Library">
<doc>Click the element identified by ``locator``.</doc>
<arguments>
<arg>class=rc-pagination-next</arg>
</arguments>
<msg timestamp="20200722 17:16:44.784" level="INFO">Clicking element 'class=rc-pagination-next'.</msg>
<status status="PASS" starttime="20200722 17:16:44.783" endtime="20200722 17:16:44.865"></status>
</kw>
<kw name="Sleep" library="BuiltIn">
<doc>Pauses the test executed for the given time.</doc>
<arguments>
<arg>2s</arg>
</arguments>
<msg timestamp="20200722 17:16:46.867" level="INFO">Slept 2 seconds</msg>
<status status="PASS" starttime="20200722 17:16:44.865" endtime="20200722 17:16:46.867"></status>
</kw>
<kw name="Click Element" library="Selenium2Library">
<doc>Click the element identified by ``locator``.</doc>
<arguments>
<arg>class=rc-pagination-next</arg>
</arguments>
<msg timestamp="20200722 17:16:46.869" level="INFO">Clicking element 'class=rc-pagination-next'.</msg>
<status status="PASS" starttime="20200722 17:16:46.868" endtime="20200722 17:16:46.941"></status>
</kw>
<kw name="Sleep" library="BuiltIn">
<doc>Pauses the test executed for the given time.</doc>
<arguments>
<arg>2s</arg>
</arguments>
<msg timestamp="20200722 17:16:48.943" level="INFO">Slept 2 seconds</msg>
<status status="PASS" starttime="20200722 17:16:46.941" endtime="20200722 17:16:48.943"></status>
</kw>
<kw name="Click Element" library="Selenium2Library">
<doc>Click the element identified by ``locator``.</doc>
<arguments>
<arg>class=rc-pagination-next</arg>
</arguments>
<msg timestamp="20200722 17:16:48.944" level="INFO">Clicking element 'class=rc-pagination-next'.</msg>
<status status="PASS" starttime="20200722 17:16:48.944" endtime="20200722 17:16:49.018"></status>
</kw>
<kw name="Sleep" library="BuiltIn">
<doc>Pauses the test executed for the given time.</doc>
<arguments>
<arg>2s</arg>
</arguments>
<msg timestamp="20200722 17:16:51.021" level="INFO">Slept 2 seconds</msg>
<status status="PASS" starttime="20200722 17:16:49.019" endtime="20200722 17:16:51.021"></status>
</kw>
<kw name="Click Element" library="Selenium2Library">
<doc>Click the element identified by ``locator``.</doc>
<arguments>
<arg>class=css-1ymwrj5</arg>
</arguments>
<msg timestamp="20200722 17:16:51.022" level="INFO">Clicking element 'class=css-1ymwrj5'.</msg>
<status status="PASS" starttime="20200722 17:16:51.022" endtime="20200722 17:16:51.096"></status>
</kw>
<kw name="Wait Until Element Is Visible" library="Selenium2Library">
<doc>Waits until the element ``locator`` is visible.</doc>
<arguments>
<arg>id=spassAppsRegisterBtn</arg>
</arguments>
<status status="PASS" starttime="20200722 17:16:51.096" endtime="20200722 17:16:51.143"></status>
</kw>
<kw name="Sleep" library="BuiltIn">
<doc>Pauses the test executed for the given time.</doc>
<arguments>
<arg>2s</arg>
</arguments>
<msg timestamp="20200722 17:16:53.146" level="INFO">Slept 2 seconds</msg>
<status status="PASS" starttime="20200722 17:16:51.144" endtime="20200722 17:16:53.146"></status>
</kw>
<kw name="Click Element" library="Selenium2Library">
<doc>Click the element identified by ``locator``.</doc>
<arguments>
<arg>id=spassAppsRegisterBtn</arg>
</arguments>
<msg timestamp="20200722 17:16:53.147" level="INFO">Clicking element 'id=spassAppsRegisterBtn'.</msg>
<status status="PASS" starttime="20200722 17:16:53.146" endtime="20200722 17:16:53.259"></status>
</kw>
<kw name="Sleep" library="BuiltIn">
<doc>Pauses the test executed for the given time.</doc>
<arguments>
<arg>3s</arg>
</arguments>
<msg timestamp="20200722 17:16:56.261" level="INFO">Slept 3 seconds</msg>
<status status="PASS" starttime="20200722 17:16:53.260" endtime="20200722 17:16:56.261"></status>
</kw>
<kw name="Wait Until Element Is Visible" library="Selenium2Library">
<doc>Waits until the element ``locator`` is visible.</doc>
<arguments>
<arg>id=spassAppsRegisterForm</arg>
</arguments>
<status status="PASS" starttime="20200722 17:16:56.261" endtime="20200722 17:16:56.295"></status>
</kw>
<kw name="Capture Page Screenshot" library="Selenium2Library">
<doc>Takes a screenshot of the current page and embeds it into a log file.</doc>
<msg timestamp="20200722 17:16:56.702" level="INFO" html="yes">&lt;/td&gt;&lt;/tr&gt;&lt;tr&gt;&lt;td colspan="3"&gt;&lt;a href="selenium-screenshot-229.png"&gt;&lt;img src="selenium-screenshot-229.png" width="800px"&gt;&lt;/a&gt;</msg>
<status status="PASS" starttime="20200722 17:16:56.295" endtime="20200722 17:16:56.702"></status>
</kw>
<kw name="Sleep" library="BuiltIn">
<doc>Pauses the test executed for the given time.</doc>
<arguments>
<arg>5s</arg>
</arguments>
<msg timestamp="20200722 17:17:01.704" level="INFO">Slept 5 seconds</msg>
<status status="PASS" starttime="20200722 17:16:56.702" endtime="20200722 17:17:01.704"></status>
</kw>
<kw name="Click Element" library="Selenium2Library">
<doc>Click the element identified by ``locator``.</doc>
<arguments>
<arg>class=css-frtf5</arg>
</arguments>
<msg timestamp="20200722 17:17:01.706" level="INFO">Clicking element 'class=css-frtf5'.</msg>
<status status="PASS" starttime="20200722 17:17:01.705" endtime="20200722 17:17:01.808"></status>
</kw>
<kw name="Page Should Contain" library="Selenium2Library">
<doc>Verifies that current page contains ``text``.</doc>
<arguments>
<arg>This field is required</arg>
</arguments>
<msg timestamp="20200722 17:17:01.840" level="INFO">Current page contains text 'This field is required'.</msg>
<status status="PASS" starttime="20200722 17:17:01.809" endtime="20200722 17:17:01.840"></status>
</kw>
<kw name="Capture Page Screenshot" library="Selenium2Library">
<doc>Takes a screenshot of the current page and embeds it into a log file.</doc>
<msg timestamp="20200722 17:17:02.256" level="INFO" html="yes">&lt;/td&gt;&lt;/tr&gt;&lt;tr&gt;&lt;td colspan="3"&gt;&lt;a href="selenium-screenshot-230.png"&gt;&lt;img src="selenium-screenshot-230.png" width="800px"&gt;&lt;/a&gt;</msg>
<status status="PASS" starttime="20200722 17:17:01.840" endtime="20200722 17:17:02.257"></status>
</kw>
<kw name="Sleep" library="BuiltIn">
<doc>Pauses the test executed for the given time.</doc>
<arguments>
<arg>3s</arg>
</arguments>
<msg timestamp="20200722 17:17:05.258" level="INFO">Slept 3 seconds</msg>
<status status="PASS" starttime="20200722 17:17:02.257" endtime="20200722 17:17:05.258"></status>
</kw>
<kw name="Input Text" library="Selenium2Library">
<doc>Types the given ``text`` into the text field identified by ``locator``.</doc>
<arguments>
<arg>//*[@name="firstAppVer"]</arg>
<arg>aa</arg>
</arguments>
<msg timestamp="20200722 17:17:05.259" level="INFO">Typing text 'aa' into text field '//*[@name="firstAppVer"]'.</msg>
<status status="PASS" starttime="20200722 17:17:05.258" endtime="20200722 17:17:05.399"></status>
</kw>
<kw name="Input Text" library="Selenium2Library">
<doc>Types the given ``text`` into the text field identified by ``locator``.</doc>
<arguments>
<arg>//*[@name="midAppVer"]</arg>
<arg>qq</arg>
</arguments>
<msg timestamp="20200722 17:17:05.400" level="INFO">Typing text 'qq' into text field '//*[@name="midAppVer"]'.</msg>
<status status="PASS" starttime="20200722 17:17:05.400" endtime="20200722 17:17:05.556"></status>
</kw>
<kw name="Input Text" library="Selenium2Library">
<doc>Types the given ``text`` into the text field identified by ``locator``.</doc>
<arguments>
<arg>//*[@name="lastAppVer"]</arg>
<arg>11</arg>
</arguments>
<msg timestamp="20200722 17:17:05.556" level="INFO">Typing text '11' into text field '//*[@name="lastAppVer"]'.</msg>
<status status="PASS" starttime="20200722 17:17:05.556" endtime="20200722 17:17:05.701"></status>
</kw>
<kw name="Input Text" library="Selenium2Library">
<doc>Types the given ``text`` into the text field identified by ``locator``.</doc>
<arguments>
<arg>//*[@name="fourthAppVer"]</arg>
<arg>22</arg>
</arguments>
<msg timestamp="20200722 17:17:05.702" level="INFO">Typing text '22' into text field '//*[@name="fourthAppVer"]'.</msg>
<status status="PASS" starttime="20200722 17:17:05.701" endtime="20200722 17:17:05.844"></status>
</kw>
<kw name="Sleep" library="BuiltIn">
<doc>Pauses the test executed for the given time.</doc>
<arguments>
<arg>2s</arg>
</arguments>
<msg timestamp="20200722 17:17:07.846" level="INFO">Slept 2 seconds</msg>
<status status="PASS" starttime="20200722 17:17:05.844" endtime="20200722 17:17:07.846"></status>
</kw>
<kw name="Input Text" library="Selenium2Library">
<doc>Types the given ``text`` into the text field identified by ``locator``.</doc>
<arguments>
<arg>//*[@name="downloadUrl"]</arg>
<arg>www.com</arg>
</arguments>
<msg timestamp="20200722 17:17:07.847" level="INFO">Typing text 'www.com' into text field '//*[@name="downloadUrl"]'.</msg>
<status status="PASS" starttime="20200722 17:17:07.847" endtime="20200722 17:17:08.038"></status>
</kw>
<kw name="Click Element" library="Selenium2Library">
<doc>Click the element identified by ``locator``.</doc>
<arguments>
<arg>class=css-frtf5</arg>
</arguments>
<msg timestamp="20200722 17:17:08.039" level="INFO">Clicking element 'class=css-frtf5'.</msg>
<status status="PASS" starttime="20200722 17:17:08.038" endtime="20200722 17:17:08.101"></status>
</kw>
<kw name="Capture Page Screenshot" library="Selenium2Library">
<doc>Takes a screenshot of the current page and embeds it into a log file.</doc>
<msg timestamp="20200722 17:17:08.489" level="INFO" html="yes">&lt;/td&gt;&lt;/tr&gt;&lt;tr&gt;&lt;td colspan="3"&gt;&lt;a href="selenium-screenshot-231.png"&gt;&lt;img src="selenium-screenshot-231.png" width="800px"&gt;&lt;/a&gt;</msg>
<status status="PASS" starttime="20200722 17:17:08.101" endtime="20200722 17:17:08.490"></status>
</kw>
<kw name="Sleep" library="BuiltIn">
<doc>Pauses the test executed for the given time.</doc>
<arguments>
<arg>5s</arg>
</arguments>
<msg timestamp="20200722 17:17:13.492" level="INFO">Slept 5 seconds</msg>
<status status="PASS" starttime="20200722 17:17:08.490" endtime="20200722 17:17:13.492"></status>
</kw>
<kw name="Reload Page" library="Selenium2Library">
<doc>Simulates user reloading page.</doc>
<status status="PASS" starttime="20200722 17:17:13.492" endtime="20200722 17:17:13.952"></status>
</kw>
<kw name="Input Text" library="Selenium2Library">
<doc>Types the given ``text`` into the text field identified by ``locator``.</doc>
<arguments>
<arg>//*[@name="firstAppVer"]</arg>
<arg>88</arg>
</arguments>
<msg timestamp="20200722 17:17:13.953" level="INFO">Typing text '88' into text field '//*[@name="firstAppVer"]'.</msg>
<status status="PASS" starttime="20200722 17:17:13.952" endtime="20200722 17:17:14.507"></status>
</kw>
<kw name="Sleep" library="BuiltIn">
<doc>Pauses the test executed for the given time.</doc>
<arguments>
<arg>2s</arg>
</arguments>
<msg timestamp="20200722 17:17:16.511" level="INFO">Slept 2 seconds</msg>
<status status="PASS" starttime="20200722 17:17:14.508" endtime="20200722 17:17:16.511"></status>
</kw>
<kw name="Input Text" library="Selenium2Library">
<doc>Types the given ``text`` into the text field identified by ``locator``.</doc>
<arguments>
<arg>//*[@name="midAppVer"]</arg>
<arg>88</arg>
</arguments>
<msg timestamp="20200722 17:17:16.512" level="INFO">Typing text '88' into text field '//*[@name="midAppVer"]'.</msg>
<status status="PASS" starttime="20200722 17:17:16.512" endtime="20200722 17:17:16.656"></status>
</kw>
<kw name="Sleep" library="BuiltIn">
<doc>Pauses the test executed for the given time.</doc>
<arguments>
<arg>2s</arg>
</arguments>
<msg timestamp="20200722 17:17:18.658" level="INFO">Slept 2 seconds</msg>
<status status="PASS" starttime="20200722 17:17:16.656" endtime="20200722 17:17:18.658"></status>
</kw>
<kw name="Input Text" library="Selenium2Library">
<doc>Types the given ``text`` into the text field identified by ``locator``.</doc>
<arguments>
<arg>//*[@name="lastAppVer"]</arg>
<arg>88</arg>
</arguments>
<msg timestamp="20200722 17:17:18.659" level="INFO">Typing text '88' into text field '//*[@name="lastAppVer"]'.</msg>
<status status="PASS" starttime="20200722 17:17:18.658" endtime="20200722 17:17:18.806"></status>
</kw>
<kw name="Sleep" library="BuiltIn">
<doc>Pauses the test executed for the given time.</doc>
<arguments>
<arg>2s</arg>
</arguments>
<msg timestamp="20200722 17:17:20.809" level="INFO">Slept 2 seconds</msg>
<status status="PASS" starttime="20200722 17:17:18.806" endtime="20200722 17:17:20.809"></status>
</kw>
<kw name="Input Text" library="Selenium2Library">
<doc>Types the given ``text`` into the text field identified by ``locator``.</doc>
<arguments>
<arg>//*[@name="fourthAppVer"]</arg>
<arg>03</arg>
</arguments>
<msg timestamp="20200722 17:17:20.810" level="INFO">Typing text '03' into text field '//*[@name="fourthAppVer"]'.</msg>
<status status="PASS" starttime="20200722 17:17:20.809" endtime="20200722 17:17:20.941"></status>
</kw>
<kw name="Sleep" library="BuiltIn">
<doc>Pauses the test executed for the given time.</doc>
<arguments>
<arg>2s</arg>
</arguments>
<msg timestamp="20200722 17:17:22.943" level="INFO">Slept 2 seconds</msg>
<status status="PASS" starttime="20200722 17:17:20.942" endtime="20200722 17:17:22.943"></status>
</kw>
<kw name="Input Text" library="Selenium2Library">
<doc>Types the given ``text`` into the text field identified by ``locator``.</doc>
<arguments>
<arg>//*[@name="downloadUrl"]</arg>
<arg>www.testrobot.com</arg>
</arguments>
<msg timestamp="20200722 17:17:22.944" level="INFO">Typing text 'www.testrobot.com' into text field '//*[@name="downloadUrl"]'.</msg>
<status status="PASS" starttime="20200722 17:17:22.944" endtime="20200722 17:17:23.334"></status>
</kw>
<kw name="Sleep" library="BuiltIn">
<doc>Pauses the test executed for the given time.</doc>
<arguments>
<arg>1s</arg>
</arguments>
<msg timestamp="20200722 17:17:24.337" level="INFO">Slept 1 second</msg>
<status status="PASS" starttime="20200722 17:17:23.334" endtime="20200722 17:17:24.337"></status>
</kw>
<kw name="Click Element" library="Selenium2Library">
<doc>Click the element identified by ``locator``.</doc>
<arguments>
<arg>class=css-frtf5</arg>
</arguments>
<msg timestamp="20200722 17:17:24.338" level="INFO">Clicking element 'class=css-frtf5'.</msg>
<status status="PASS" starttime="20200722 17:17:24.338" endtime="20200722 17:17:24.429"></status>
</kw>
<kw name="Page Should Contain" library="Selenium2Library">
<doc>Verifies that current page contains ``text``.</doc>
<arguments>
<arg>Version name taken. Please try another name</arg>
</arguments>
<msg timestamp="20200722 17:17:24.677" level="INFO">Current page contains text 'Version name taken. Please try another name'.</msg>
<status status="PASS" starttime="20200722 17:17:24.430" endtime="20200722 17:17:24.677"></status>
</kw>
<kw name="Capture Page Screenshot" library="Selenium2Library">
<doc>Takes a screenshot of the current page and embeds it into a log file.</doc>
<msg timestamp="20200722 17:17:25.061" level="INFO" html="yes">&lt;/td&gt;&lt;/tr&gt;&lt;tr&gt;&lt;td colspan="3"&gt;&lt;a href="selenium-screenshot-232.png"&gt;&lt;img src="selenium-screenshot-232.png" width="800px"&gt;&lt;/a&gt;</msg>
<status status="PASS" starttime="20200722 17:17:24.678" endtime="20200722 17:17:25.061"></status>
</kw>
<kw name="Sleep" library="BuiltIn">
<doc>Pauses the test executed for the given time.</doc>
<arguments>
<arg>5s</arg>
</arguments>
<msg timestamp="20200722 17:17:30.063" level="INFO">Slept 5 seconds</msg>
<status status="PASS" starttime="20200722 17:17:25.061" endtime="20200722 17:17:30.063"></status>
</kw>
<kw name="Reload Page" library="Selenium2Library">
<doc>Simulates user reloading page.</doc>
<status status="PASS" starttime="20200722 17:17:30.063" endtime="20200722 17:17:30.450"></status>
</kw>
<kw name="Input Text" library="Selenium2Library">
<doc>Types the given ``text`` into the text field identified by ``locator``.</doc>
<arguments>
<arg>//*[@name="firstAppVer"]</arg>
<arg>88</arg>
</arguments>
<msg timestamp="20200722 17:17:30.451" level="INFO">Typing text '88' into text field '//*[@name="firstAppVer"]'.</msg>
<status status="PASS" starttime="20200722 17:17:30.450" endtime="20200722 17:17:31.006"></status>
</kw>
<kw name="Sleep" library="BuiltIn">
<doc>Pauses the test executed for the given time.</doc>
<arguments>
<arg>2s</arg>
</arguments>
<msg timestamp="20200722 17:17:33.008" level="INFO">Slept 2 seconds</msg>
<status status="PASS" starttime="20200722 17:17:31.006" endtime="20200722 17:17:33.008"></status>
</kw>
<kw name="Input Text" library="Selenium2Library">
<doc>Types the given ``text`` into the text field identified by ``locator``.</doc>
<arguments>
<arg>//*[@name="midAppVer"]</arg>
<arg>88</arg>
</arguments>
<msg timestamp="20200722 17:17:33.009" level="INFO">Typing text '88' into text field '//*[@name="midAppVer"]'.</msg>
<status status="PASS" starttime="20200722 17:17:33.009" endtime="20200722 17:17:33.163"></status>
</kw>
<kw name="Sleep" library="BuiltIn">
<doc>Pauses the test executed for the given time.</doc>
<arguments>
<arg>2s</arg>
</arguments>
<msg timestamp="20200722 17:17:35.165" level="INFO">Slept 2 seconds</msg>
<status status="PASS" starttime="20200722 17:17:33.164" endtime="20200722 17:17:35.165"></status>
</kw>
<kw name="Input Text" library="Selenium2Library">
<doc>Types the given ``text`` into the text field identified by ``locator``.</doc>
<arguments>
<arg>//*[@name="lastAppVer"]</arg>
<arg>88</arg>
</arguments>
<msg timestamp="20200722 17:17:35.166" level="INFO">Typing text '88' into text field '//*[@name="lastAppVer"]'.</msg>
<status status="PASS" starttime="20200722 17:17:35.165" endtime="20200722 17:17:35.308"></status>
</kw>
<kw name="Sleep" library="BuiltIn">
<doc>Pauses the test executed for the given time.</doc>
<arguments>
<arg>2s</arg>
</arguments>
<msg timestamp="20200722 17:17:37.310" level="INFO">Slept 2 seconds</msg>
<status status="PASS" starttime="20200722 17:17:35.309" endtime="20200722 17:17:37.310"></status>
</kw>
<kw name="Input Text" library="Selenium2Library">
<doc>Types the given ``text`` into the text field identified by ``locator``.</doc>
<arguments>
<arg>//*[@name="fourthAppVer"]</arg>
<arg>04</arg>
</arguments>
<msg timestamp="20200722 17:17:37.311" level="INFO">Typing text '04' into text field '//*[@name="fourthAppVer"]'.</msg>
<status status="PASS" starttime="20200722 17:17:37.310" endtime="20200722 17:17:37.446"></status>
</kw>
<kw name="Sleep" library="BuiltIn">
<doc>Pauses the test executed for the given time.</doc>
<arguments>
<arg>2s</arg>
</arguments>
<msg timestamp="20200722 17:17:39.447" level="INFO">Slept 2 seconds</msg>
<status status="PASS" starttime="20200722 17:17:37.446" endtime="20200722 17:17:39.447"></status>
</kw>
<kw name="Input Text" library="Selenium2Library">
<doc>Types the given ``text`` into the text field identified by ``locator``.</doc>
<arguments>
<arg>//*[@name="downloadUrl"]</arg>
<arg>www.testrobot.com</arg>
</arguments>
<msg timestamp="20200722 17:17:39.448" level="INFO">Typing text 'www.testrobot.com' into text field '//*[@name="downloadUrl"]'.</msg>
<status status="PASS" starttime="20200722 17:17:39.448" endtime="20200722 17:17:39.812"></status>
</kw>
<kw name="Sleep" library="BuiltIn">
<doc>Pauses the test executed for the given time.</doc>
<arguments>
<arg>1s</arg>
</arguments>
<msg timestamp="20200722 17:17:40.815" level="INFO">Slept 1 second</msg>
<status status="PASS" starttime="20200722 17:17:39.813" endtime="20200722 17:17:40.815"></status>
</kw>
<kw name="Click Element" library="Selenium2Library">
<doc>Click the element identified by ``locator``.</doc>
<arguments>
<arg>class=css-frtf5</arg>
</arguments>
<msg timestamp="20200722 17:17:40.816" level="INFO">Clicking element 'class=css-frtf5'.</msg>
<status status="PASS" starttime="20200722 17:17:40.815" endtime="20200722 17:17:40.908"></status>
</kw>
<kw name="Capture Page Screenshot" library="Selenium2Library">
<doc>Takes a screenshot of the current page and embeds it into a log file.</doc>
<msg timestamp="20200722 17:17:41.360" level="INFO" html="yes">&lt;/td&gt;&lt;/tr&gt;&lt;tr&gt;&lt;td colspan="3"&gt;&lt;a href="selenium-screenshot-233.png"&gt;&lt;img src="selenium-screenshot-233.png" width="800px"&gt;&lt;/a&gt;</msg>
<status status="PASS" starttime="20200722 17:17:40.909" endtime="20200722 17:17:41.361"></status>
</kw>
<kw name="Sleep" library="BuiltIn">
<doc>Pauses the test executed for the given time.</doc>
<arguments>
<arg>5s</arg>
</arguments>
<msg timestamp="20200722 17:17:46.363" level="INFO">Slept 5 seconds</msg>
<status status="PASS" starttime="20200722 17:17:41.361" endtime="20200722 17:17:46.363"></status>
</kw>
<kw name="Input Text" library="Selenium2Library">
<doc>Types the given ``text`` into the text field identified by ``locator``.</doc>
<arguments>
<arg>class=css-1n9d5gc</arg>
<arg>88.88.88.04</arg>
</arguments>
<msg timestamp="20200722 17:17:46.364" level="INFO">Typing text '88.88.88.04' into text field 'class=css-1n9d5gc'.</msg>
<status status="PASS" starttime="20200722 17:17:46.364" endtime="20200722 17:17:46.690"></status>
</kw>
<kw name="Click Element" library="Selenium2Library">
<doc>Click the element identified by ``locator``.</doc>
<arguments>
<arg>class=css-doaywb</arg>
</arguments>
<msg timestamp="20200722 17:17:46.691" level="INFO">Clicking element 'class=css-doaywb'.</msg>
<status status="PASS" starttime="20200722 17:17:46.690" endtime="20200722 17:17:46.763"></status>
</kw>
<kw name="Capture Page Screenshot" library="Selenium2Library">
<doc>Takes a screenshot of the current page and embeds it into a log file.</doc>
<msg timestamp="20200722 17:17:47.163" level="INFO" html="yes">&lt;/td&gt;&lt;/tr&gt;&lt;tr&gt;&lt;td colspan="3"&gt;&lt;a href="selenium-screenshot-234.png"&gt;&lt;img src="selenium-screenshot-234.png" width="800px"&gt;&lt;/a&gt;</msg>
<status status="PASS" starttime="20200722 17:17:46.764" endtime="20200722 17:17:47.163"></status>
</kw>
<kw name="Sleep" library="BuiltIn">
<doc>Pauses the test executed for the given time.</doc>
<arguments>
<arg>5s</arg>
</arguments>
<msg timestamp="20200722 17:17:52.166" level="INFO">Slept 5 seconds</msg>
<status status="PASS" starttime="20200722 17:17:47.164" endtime="20200722 17:17:52.166"></status>
</kw>
<kw name="Click Element" library="Selenium2Library">
<doc>Click the element identified by ``locator``.</doc>
<arguments>
<arg>class=css-1ymwrj5</arg>
</arguments>
<msg timestamp="20200722 17:17:52.168" level="INFO">Clicking element 'class=css-1ymwrj5'.</msg>
<status status="PASS" starttime="20200722 17:17:52.167" endtime="20200722 17:17:52.244"></status>
</kw>
<kw name="Sleep" library="BuiltIn">
<doc>Pauses the test executed for the given time.</doc>
<arguments>
<arg>2s</arg>
</arguments>
<msg timestamp="20200722 17:17:54.246" level="INFO">Slept 2 seconds</msg>
<status status="PASS" starttime="20200722 17:17:52.244" endtime="20200722 17:17:54.246"></status>
</kw>
<kw name="Wait Until Element Is Visible" library="Selenium2Library">
<doc>Waits until the element ``locator`` is visible.</doc>
<arguments>
<arg>id=btnAppsListExport</arg>
</arguments>
<status status="PASS" starttime="20200722 17:17:54.246" endtime="20200722 17:17:54.278"></status>
</kw>
<kw name="Sleep" library="BuiltIn">
<doc>Pauses the test executed for the given time.</doc>
<arguments>
<arg>2s</arg>
</arguments>
<msg timestamp="20200722 17:17:56.278" level="INFO">Slept 2 seconds</msg>
<status status="PASS" starttime="20200722 17:17:54.278" endtime="20200722 17:17:56.278"></status>
</kw>
<kw name="Click Element" library="Selenium2Library">
<doc>Click the element identified by ``locator``.</doc>
<arguments>
<arg>id=btnAppsListExport</arg>
</arguments>
<msg timestamp="20200722 17:17:56.279" level="INFO">Clicking element 'id=btnAppsListExport'.</msg>
<status status="PASS" starttime="20200722 17:17:56.279" endtime="20200722 17:17:56.581"></status>
</kw>
<kw name="Sleep" library="BuiltIn">
<doc>Pauses the test executed for the given time.</doc>
<arguments>
<arg>3s</arg>
</arguments>
<msg timestamp="20200722 17:17:59.584" level="INFO">Slept 3 seconds</msg>
<status status="PASS" starttime="20200722 17:17:56.581" endtime="20200722 17:17:59.584"></status>
</kw>
<kw name="Log To Console" library="BuiltIn">
<doc>Logs the given message to the console.</doc>
<arguments>
<arg>%{username} ran this test on %{os}. Test Execution completed with no errors.</arg>
</arguments>
<status status="PASS" starttime="20200722 17:17:59.584" endtime="20200722 17:17:59.585"></status>
</kw>
<kw name="Close Window" library="Selenium2Library">
<doc>Closes currently opened and selected browser window/tab.</doc>
<status status="PASS" starttime="20200722 17:17:59.585" endtime="20200722 17:17:59.701"></status>
</kw>
<tags>
<tag>Demo</tag>
</tags>
<status status="PASS" starttime="20200722 17:14:44.579" endtime="20200722 17:17:59.702" critical="yes"></status>
</test>
<status status="PASS" starttime="20200722 17:14:44.110" endtime="20200722 17:17:59.703"></status>
</suite>
<status status="PASS" starttime="20200722 17:14:44.077" endtime="20200722 17:17:59.708"></status>
</suite>
<statistics>
<total>
<stat pass="1" fail="0">Critical Tests</stat>
<stat pass="1" fail="0">All Tests</stat>
</total>
<tag>
<stat pass="1" fail="0">Demo</stat>
</tag>
<suite>
<stat pass="1" fail="0" id="s1" name="Robotframework-Spass-Demo">Robotframework-Spass-Demo</stat>
<stat pass="1" fail="0" id="s1-s1" name="Demo">Robotframework-Spass-Demo.Demo</stat>
</suite>
</statistics>
<errors>
</errors>
</robot>
