<?xml version="1.0" encoding="UTF-8"?>
<robot generator="Robot 3.2.1 (Python 3.8.3 on win32)" generated="20200626 11:20:43.983" rpa="false">
<suite id="s1" name="Robotframework-Spass-Demo" source="C:\Robot\Git Repo\robotframework-spass-demo">
<suite id="s1-s1" name="Demo" source="C:\Robot\Git Repo\robotframework-spass-demo\Demo.robot">
<test id="s1-s1-t1" name="LeiTest">
<kw name="Open Browser" library="Selenium2Library">
<doc>Opens a new browser instance to the optional ``url``.</doc>
<arguments>
<arg>https://dev-admin.samsungpass.com/#/</arg>
<arg>${browsers}[0]</arg>
</arguments>
<msg timestamp="20200626 11:20:44.508" level="INFO">Opening browser 'Chrome' to base url 'https://dev-admin.samsungpass.com/#/'.</msg>
<status status="PASS" starttime="20200626 11:20:44.508" endtime="20200626 11:20:56.834"></status>
</kw>
<kw name="Set Browser Implicit Wait" library="Selenium2Library">
<doc>Sets the implicit wait value used by Selenium.</doc>
<arguments>
<arg>10s</arg>
</arguments>
<status status="PASS" starttime="20200626 11:20:56.834" endtime="20200626 11:20:56.837"></status>
</kw>
<kw name="Sleep" library="BuiltIn">
<doc>Pauses the test executed for the given time.</doc>
<arguments>
<arg>2s</arg>
</arguments>
<msg timestamp="20200626 11:20:58.840" level="INFO">Slept 2 seconds</msg>
<status status="PASS" starttime="20200626 11:20:56.838" endtime="20200626 11:20:58.840"></status>
</kw>
<kw name="Wait Until Element Is Visible" library="Selenium2Library">
<doc>Waits until the element ``locator`` is visible.</doc>
<arguments>
<arg>id=lnbAccountManagementLink</arg>
</arguments>
<status status="PASS" starttime="20200626 11:20:58.841" endtime="20200626 11:20:58.902"></status>
</kw>
<kw name="Sleep" library="BuiltIn">
<doc>Pauses the test executed for the given time.</doc>
<arguments>
<arg>2s</arg>
</arguments>
<msg timestamp="20200626 11:21:00.906" level="INFO">Slept 2 seconds</msg>
<status status="PASS" starttime="20200626 11:20:58.903" endtime="20200626 11:21:00.906"></status>
</kw>
<kw name="Click Element" library="Selenium2Library">
<doc>Click the element identified by ``locator``.</doc>
<arguments>
<arg>id=lnbAccountManagementLink</arg>
</arguments>
<msg timestamp="20200626 11:21:00.908" level="INFO">Clicking element 'id=lnbAccountManagementLink'.</msg>
<status status="PASS" starttime="20200626 11:21:00.907" endtime="20200626 11:21:01.020"></status>
</kw>
<kw name="Sleep" library="BuiltIn">
<doc>Pauses the test executed for the given time.</doc>
<arguments>
<arg>2s</arg>
</arguments>
<msg timestamp="20200626 11:21:03.022" level="INFO">Slept 2 seconds</msg>
<status status="PASS" starttime="20200626 11:21:01.020" endtime="20200626 11:21:03.022"></status>
</kw>
<kw name="Close Browser" library="Selenium2Library">
<doc>Closes the current browser.</doc>
<status status="PASS" starttime="20200626 11:21:03.023" endtime="20200626 11:21:06.307"></status>
</kw>
<status status="PASS" starttime="20200626 11:20:44.507" endtime="20200626 11:21:06.307" critical="yes"></status>
</test>
<status status="PASS" starttime="20200626 11:20:44.079" endtime="20200626 11:21:06.309"></status>
</suite>
<status status="PASS" starttime="20200626 11:20:44.043" endtime="20200626 11:21:06.312"></status>
</suite>
<statistics>
<total>
<stat pass="1" fail="0">Critical Tests</stat>
<stat pass="1" fail="0">All Tests</stat>
</total>
<tag>
</tag>
<suite>
<stat pass="1" fail="0" id="s1" name="Robotframework-Spass-Demo">Robotframework-Spass-Demo</stat>
<stat pass="1" fail="0" id="s1-s1" name="Demo">Robotframework-Spass-Demo.Demo</stat>
</suite>
</statistics>
<errors>
</errors>
</robot>
